This file contains any messages produced by compilers while
running configure, to aid debugging if configure makes a mistake.

It was created by TaskGraph configure 20070919, which was
generated by GNU Autoconf 2.69.  Invocation command line was

  $ ./configure 

## --------- ##
## Platform. ##
## --------- ##

hostname = DESKTOP-PFJHU8G
uname -m = x86_64
uname -r = 4.4.0-18362-Microsoft
uname -s = Linux
uname -v = #476-Microsoft Fri Nov 01 16:53:00 PST 2019

/usr/bin/uname -p = unknown
/bin/uname -X     = unknown

/bin/arch              = unknown
/usr/bin/arch -k       = unknown
/usr/convex/getsysinfo = unknown
/usr/bin/hostinfo      = unknown
/bin/machine           = unknown
/usr/bin/oslevel       = unknown
/bin/universe          = unknown

PATH: /usr/local/sbin
PATH: /usr/local/bin
PATH: /usr/sbin
PATH: /usr/bin
PATH: /sbin
PATH: /bin
PATH: /usr/games
PATH: /usr/local/games
PATH: /mnt/c/Program Files/WindowsApps/CanonicalGroupLimited.UbuntuonWindows_1804.2020.5.0_x64__79rhkp1fndgsc
PATH: /mnt/c/Program Files/NVIDIA GPU Computing Toolkit/CUDA/v10.2/bin
PATH: /mnt/c/Program Files/NVIDIA GPU Computing Toolkit/CUDA/v10.2/libnvvp
PATH: /mnt/c/WINDOWS/system32
PATH: /mnt/c/WINDOWS
PATH: /mnt/c/WINDOWS/System32/Wbem
PATH: /mnt/c/WINDOWS/System32/WindowsPowerShell/v1.0/
PATH: /mnt/c/WINDOWS/System32/OpenSSH/
PATH: /mnt/c/Program Files (x86)/Intel/Intel(R) Management Engine Components/DAL
PATH: /mnt/c/Program Files/Intel/Intel(R) Management Engine Components/DAL
PATH: /mnt/c/Program Files (x86)/Intel/Intel(R) Management Engine Components/IPT
PATH: /mnt/c/Program Files/Intel/Intel(R) Management Engine Components/IPT
PATH: /mnt/c/Program Files/NVIDIA Corporation/Nsight Compute 2019.5.0/
PATH: /mnt/c/Program Files (x86)/NVIDIA Corporation/PhysX/Common
PATH: /mnt/c/Program Files/NVIDIA Corporation/NVIDIA NvDLISR
PATH: /mnt/c/Users/pkell/AppData/Local/Microsoft/WindowsApps
PATH: /snap/bin


## ----------- ##
## Core tests. ##
## ----------- ##

configure:2614: checking for a BSD-compatible install
configure:2682: result: /usr/bin/install -c
configure:2693: checking whether build environment is sane
configure:2743: result: yes
configure:2884: checking for a thread-safe mkdir -p
configure:2923: result: /bin/mkdir -p
configure:2936: checking for gawk
configure:2952: found /usr/bin/gawk
configure:2963: result: gawk
configure:2974: checking whether make sets $(MAKE)
configure:2996: result: yes
configure:3140: checking build system type
configure:3154: result: x86_64-unknown-linux-gnu
configure:3174: checking host system type
configure:3187: result: x86_64-unknown-linux-gnu
configure:3228: checking how to print strings
configure:3255: result: printf
configure:3288: checking for style of include used by make
configure:3316: result: GNU
configure:3387: checking for gcc
configure:3403: found /usr/bin/gcc
configure:3414: result: gcc
configure:3643: checking for C compiler version
configure:3652: gcc --version >&5
gcc (Ubuntu 7.5.0-3ubuntu1~18.04) 7.5.0
Copyright (C) 2017 Free Software Foundation, Inc.
This is free software; see the source for copying conditions.  There is NO
warranty; not even for MERCHANTABILITY or FITNESS FOR A PARTICULAR PURPOSE.

configure:3663: $? = 0
configure:3652: gcc -v >&5
Using built-in specs.
COLLECT_GCC=gcc
COLLECT_LTO_WRAPPER=/usr/lib/gcc/x86_64-linux-gnu/7/lto-wrapper
OFFLOAD_TARGET_NAMES=nvptx-none
OFFLOAD_TARGET_DEFAULT=1
Target: x86_64-linux-gnu
Configured with: ../src/configure -v --with-pkgversion='Ubuntu 7.5.0-3ubuntu1~18.04' --with-bugurl=file:///usr/share/doc/gcc-7/README.Bugs --enable-languages=c,ada,c++,go,brig,d,fortran,objc,obj-c++ --prefix=/usr --with-gcc-major-version-only --program-suffix=-7 --program-prefix=x86_64-linux-gnu- --enable-shared --enable-linker-build-id --libexecdir=/usr/lib --without-included-gettext --enable-threads=posix --libdir=/usr/lib --enable-nls --enable-bootstrap --enable-clocale=gnu --enable-libstdcxx-debug --enable-libstdcxx-time=yes --with-default-libstdcxx-abi=new --enable-gnu-unique-object --disable-vtable-verify --enable-libmpx --enable-plugin --enable-default-pie --with-system-zlib --with-target-system-zlib --enable-objc-gc=auto --enable-multiarch --disable-werror --with-arch-32=i686 --with-abi=m64 --with-multilib-list=m32,m64,mx32 --enable-multilib --with-tune=generic --enable-offload-targets=nvptx-none --without-cuda-driver --enable-checking=release --build=x86_64-linux-gnu --host=x86_64-linux-gnu --target=x86_64-linux-gnu
Thread model: posix
gcc version 7.5.0 (Ubuntu 7.5.0-3ubuntu1~18.04) 
configure:3663: $? = 0
configure:3652: gcc -V >&5
gcc: error: unrecognized command line option '-V'
gcc: fatal error: no input files
compilation terminated.
configure:3663: $? = 1
configure:3652: gcc -qversion >&5
gcc: error: unrecognized command line option '-qversion'; did you mean '--version'?
gcc: fatal error: no input files
compilation terminated.
configure:3663: $? = 1
configure:3683: checking whether the C compiler works
configure:3705: gcc    conftest.c  >&5
configure:3709: $? = 0
configure:3757: result: yes
configure:3760: checking for C compiler default output file name
configure:3762: result: a.out
configure:3768: checking for suffix of executables
configure:3775: gcc -o conftest    conftest.c  >&5
configure:3779: $? = 0
configure:3801: result: 
configure:3823: checking whether we are cross compiling
configure:3831: gcc -o conftest    conftest.c  >&5
configure:3835: $? = 0
configure:3842: ./conftest
configure:3846: $? = 0
configure:3861: result: no
configure:3866: checking for suffix of object files
configure:3888: gcc -c   conftest.c >&5
configure:3892: $? = 0
configure:3913: result: o
configure:3917: checking whether we are using the GNU C compiler
configure:3936: gcc -c   conftest.c >&5
configure:3936: $? = 0
configure:3945: result: yes
configure:3954: checking whether gcc accepts -g
configure:3974: gcc -c -g  conftest.c >&5
configure:3974: $? = 0
configure:4015: result: yes
configure:4032: checking for gcc option to accept ISO C89
configure:4095: gcc  -c -g -O2  conftest.c >&5
configure:4095: $? = 0
configure:4108: result: none needed
configure:4130: checking dependency style of gcc
configure:4241: result: gcc3
configure:4256: checking for a sed that does not truncate output
configure:4320: result: /bin/sed
configure:4338: checking for grep that handles long lines and -e
configure:4396: result: /bin/grep
configure:4401: checking for egrep
configure:4463: result: /bin/grep -E
configure:4468: checking for fgrep
configure:4530: result: /bin/grep -F
configure:4565: checking for ld used by gcc
configure:4632: result: /usr/bin/ld
configure:4639: checking if the linker (/usr/bin/ld) is GNU ld
configure:4654: result: yes
configure:4666: checking for BSD- or MS-compatible name lister (nm)
configure:4715: result: /usr/bin/nm -B
configure:4845: checking the name lister (/usr/bin/nm -B) interface
configure:4852: gcc -c -g -O2  conftest.c >&5
configure:4855: /usr/bin/nm -B "conftest.o"
configure:4858: output
0000000000000000 B some_variable
configure:4865: result: BSD nm
configure:4868: checking whether ln -s works
configure:4872: result: yes
configure:4880: checking the maximum length of command line arguments
configure:5010: result: 1572864
configure:5027: checking whether the shell understands some XSI constructs
configure:5037: result: yes
configure:5041: checking whether the shell understands "+="
configure:5047: result: yes
configure:5082: checking how to convert x86_64-unknown-linux-gnu file names to x86_64-unknown-linux-gnu format
configure:5122: result: func_convert_file_noop
configure:5129: checking how to convert x86_64-unknown-linux-gnu file names to toolchain format
configure:5149: result: func_convert_file_noop
configure:5156: checking for /usr/bin/ld option to reload object files
configure:5163: result: -r
configure:5237: checking for objdump
configure:5253: found /usr/bin/objdump
configure:5264: result: objdump
configure:5296: checking how to recognize dependent libraries
configure:5498: result: pass_all
configure:5583: checking for dlltool
configure:5613: result: no
configure:5643: checking how to associate runtime and link libraries
configure:5670: result: printf %s\n
configure:5731: checking for ar
configure:5747: found /usr/bin/ar
configure:5758: result: ar
configure:5795: checking for archiver @FILE support
configure:5812: gcc -c -g -O2  conftest.c >&5
configure:5812: $? = 0
configure:5815: ar cru libconftest.a @conftest.lst >&5
ar: `u' modifier ignored since `D' is the default (see `U')
configure:5818: $? = 0
configure:5823: ar cru libconftest.a @conftest.lst >&5
ar: `u' modifier ignored since `D' is the default (see `U')
ar: conftest.o: No such file or directory
configure:5826: $? = 1
configure:5838: result: @
configure:5896: checking for strip
configure:5912: found /usr/bin/strip
configure:5923: result: strip
configure:5995: checking for ranlib
configure:6011: found /usr/bin/ranlib
configure:6022: result: ranlib
configure:6124: checking command to parse /usr/bin/nm -B output from gcc object
configure:6244: gcc -c -g -O2  conftest.c >&5
configure:6247: $? = 0
configure:6251: /usr/bin/nm -B conftest.o \| sed -n -e 's/^.*[ ]\([ABCDGIRSTW][ABCDGIRSTW]*\)[ ][ ]*\([_A-Za-z][_A-Za-z0-9]*\)$/\1 \2 \2/p' | sed '/ __gnu_lto/d' \> conftest.nm
configure:6254: $? = 0
configure:6320: gcc -o conftest -g -O2   conftest.c conftstm.o >&5
configure:6323: $? = 0
configure:6361: result: ok
configure:6398: checking for sysroot
configure:6428: result: no
configure:6505: gcc -c -g -O2  conftest.c >&5
configure:6508: $? = 0
configure:6684: checking for mt
configure:6700: found /bin/mt
configure:6711: result: mt
configure:6734: checking if mt is a manifest tool
configure:6740: mt '-?'
configure:6748: result: no
configure:7390: checking how to run the C preprocessor
configure:7421: gcc -E  conftest.c
configure:7421: $? = 0
configure:7435: gcc -E  conftest.c
conftest.c:11:10: fatal error: ac_nonexistent.h: No such file or directory
 #include <ac_nonexistent.h>
          ^~~~~~~~~~~~~~~~~~
compilation terminated.
configure:7435: $? = 1
configure: failed program was:
| /* confdefs.h */
| #define PACKAGE_NAME "TaskGraph"
| #define PACKAGE_TARNAME "taskgraph"
| #define PACKAGE_VERSION "20070919"
| #define PACKAGE_STRING "TaskGraph 20070919"
| #define PACKAGE_BUGREPORT "fpr02@doc.ic.ac.uk"
| #define PACKAGE_URL ""
| #define PACKAGE "taskgraph"
| #define VERSION "20070919"
| /* end confdefs.h.  */
| #include <ac_nonexistent.h>
configure:7460: result: gcc -E
configure:7480: gcc -E  conftest.c
configure:7480: $? = 0
configure:7494: gcc -E  conftest.c
conftest.c:11:10: fatal error: ac_nonexistent.h: No such file or directory
 #include <ac_nonexistent.h>
          ^~~~~~~~~~~~~~~~~~
compilation terminated.
configure:7494: $? = 1
configure: failed program was:
| /* confdefs.h */
| #define PACKAGE_NAME "TaskGraph"
| #define PACKAGE_TARNAME "taskgraph"
| #define PACKAGE_VERSION "20070919"
| #define PACKAGE_STRING "TaskGraph 20070919"
| #define PACKAGE_BUGREPORT "fpr02@doc.ic.ac.uk"
| #define PACKAGE_URL ""
| #define PACKAGE "taskgraph"
| #define VERSION "20070919"
| /* end confdefs.h.  */
| #include <ac_nonexistent.h>
configure:7523: checking for ANSI C header files
configure:7543: gcc -c -g -O2  conftest.c >&5
configure:7543: $? = 0
configure:7616: gcc -o conftest -g -O2   conftest.c  >&5
configure:7616: $? = 0
configure:7616: ./conftest
configure:7616: $? = 0
configure:7627: result: yes
configure:7640: checking for sys/types.h
configure:7640: gcc -c -g -O2  conftest.c >&5
configure:7640: $? = 0
configure:7640: result: yes
configure:7640: checking for sys/stat.h
configure:7640: gcc -c -g -O2  conftest.c >&5
configure:7640: $? = 0
configure:7640: result: yes
configure:7640: checking for stdlib.h
configure:7640: gcc -c -g -O2  conftest.c >&5
configure:7640: $? = 0
configure:7640: result: yes
configure:7640: checking for string.h
configure:7640: gcc -c -g -O2  conftest.c >&5
configure:7640: $? = 0
configure:7640: result: yes
configure:7640: checking for memory.h
configure:7640: gcc -c -g -O2  conftest.c >&5
configure:7640: $? = 0
configure:7640: result: yes
configure:7640: checking for strings.h
configure:7640: gcc -c -g -O2  conftest.c >&5
configure:7640: $? = 0
configure:7640: result: yes
configure:7640: checking for inttypes.h
configure:7640: gcc -c -g -O2  conftest.c >&5
configure:7640: $? = 0
configure:7640: result: yes
configure:7640: checking for stdint.h
configure:7640: gcc -c -g -O2  conftest.c >&5
configure:7640: $? = 0
configure:7640: result: yes
configure:7640: checking for unistd.h
configure:7640: gcc -c -g -O2  conftest.c >&5
configure:7640: $? = 0
configure:7640: result: yes
configure:7654: checking for dlfcn.h
configure:7654: gcc -c -g -O2  conftest.c >&5
configure:7654: $? = 0
configure:7654: result: yes
configure:7828: checking for objdir
configure:7843: result: .libs
configure:8114: checking if gcc supports -fno-rtti -fno-exceptions
configure:8132: gcc -c -g -O2  -fno-rtti -fno-exceptions conftest.c >&5
cc1: warning: command line option '-fno-rtti' is valid for C++/ObjC++ but not for C
configure:8136: $? = 0
configure:8149: result: no
configure:8476: checking for gcc option to produce PIC
configure:8483: result: -fPIC -DPIC
configure:8491: checking if gcc PIC flag -fPIC -DPIC works
configure:8509: gcc -c -g -O2  -fPIC -DPIC -DPIC conftest.c >&5
configure:8513: $? = 0
configure:8526: result: yes
configure:8555: checking if gcc static flag -static works
configure:8583: result: yes
configure:8598: checking if gcc supports -c -o file.o
configure:8619: gcc -c -g -O2  -o out/conftest2.o conftest.c >&5
configure:8623: $? = 0
configure:8645: result: yes
configure:8653: checking if gcc supports -c -o file.o
configure:8700: result: yes
configure:8733: checking whether the gcc linker (/usr/bin/ld -m elf_x86_64) supports shared libraries
configure:9886: result: yes
configure:9923: checking whether -lc should be explicitly linked in
configure:9931: gcc -c -g -O2  conftest.c >&5
configure:9934: $? = 0
configure:9949: gcc -shared  -fPIC -DPIC conftest.o  -v -Wl,-soname -Wl,conftest -o conftest 2\>\&1 \| /bin/grep  -lc  \>/dev/null 2\>\&1
configure:9952: $? = 0
configure:9966: result: no
configure:10126: checking dynamic linker characteristics
configure:10637: gcc -o conftest -g -O2   -Wl,-rpath -Wl,/foo conftest.c  >&5
configure:10637: $? = 0
configure:10859: result: GNU/Linux ld.so
configure:10966: checking how to hardcode library paths into programs
configure:10991: result: immediate
configure:11085: checking for shl_load
configure:11085: gcc -o conftest -g -O2   conftest.c  >&5
/tmp/ccSvGXzx.o: In function `main':
/home/phjk/taskgraph/taskgraph-20140613/conftest.c:57: undefined reference to `shl_load'
collect2: error: ld returned 1 exit status
configure:11085: $? = 1
configure: failed program was:
| /* confdefs.h */
| #define PACKAGE_NAME "TaskGraph"
| #define PACKAGE_TARNAME "taskgraph"
| #define PACKAGE_VERSION "20070919"
| #define PACKAGE_STRING "TaskGraph 20070919"
| #define PACKAGE_BUGREPORT "fpr02@doc.ic.ac.uk"
| #define PACKAGE_URL ""
| #define PACKAGE "taskgraph"
| #define VERSION "20070919"
| #define STDC_HEADERS 1
| #define HAVE_SYS_TYPES_H 1
| #define HAVE_SYS_STAT_H 1
| #define HAVE_STDLIB_H 1
| #define HAVE_STRING_H 1
| #define HAVE_MEMORY_H 1
| #define HAVE_STRINGS_H 1
| #define HAVE_INTTYPES_H 1
| #define HAVE_STDINT_H 1
| #define HAVE_UNISTD_H 1
| #define HAVE_DLFCN_H 1
| #define LT_OBJDIR ".libs/"
| /* end confdefs.h.  */
| /* Define shl_load to an innocuous variant, in case <limits.h> declares shl_load.
|    For example, HP-UX 11i <limits.h> declares gettimeofday.  */
| #define shl_load innocuous_shl_load
| 
| /* System header to define __stub macros and hopefully few prototypes,
|     which can conflict with char shl_load (); below.
|     Prefer <limits.h> to <assert.h> if __STDC__ is defined, since
|     <limits.h> exists even on freestanding compilers.  */
| 
| #ifdef __STDC__
| # include <limits.h>
| #else
| # include <assert.h>
| #endif
| 
| #undef shl_load
| 
| /* Override any GCC internal prototype to avoid an error.
|    Use char because int might match the return type of a GCC
|    builtin and then its argument prototype would still apply.  */
| #ifdef __cplusplus
| extern "C"
| #endif
| char shl_load ();
| /* The GNU C library defines this for functions which it implements
|     to always fail with ENOSYS.  Some functions are actually named
|     something starting with __ and the normal name is an alias.  */
| #if defined __stub_shl_load || defined __stub___shl_load
| choke me
| #endif
| 
| int
| main ()
| {
| return shl_load ();
|   ;
|   return 0;
| }
configure:11085: result: no
configure:11089: checking for shl_load in -ldld
configure:11114: gcc -o conftest -g -O2   conftest.c -ldld   >&5
/usr/bin/ld: cannot find -ldld
collect2: error: ld returned 1 exit status
configure:11114: $? = 1
configure: failed program was:
| /* confdefs.h */
| #define PACKAGE_NAME "TaskGraph"
| #define PACKAGE_TARNAME "taskgraph"
| #define PACKAGE_VERSION "20070919"
| #define PACKAGE_STRING "TaskGraph 20070919"
| #define PACKAGE_BUGREPORT "fpr02@doc.ic.ac.uk"
| #define PACKAGE_URL ""
| #define PACKAGE "taskgraph"
| #define VERSION "20070919"
| #define STDC_HEADERS 1
| #define HAVE_SYS_TYPES_H 1
| #define HAVE_SYS_STAT_H 1
| #define HAVE_STDLIB_H 1
| #define HAVE_STRING_H 1
| #define HAVE_MEMORY_H 1
| #define HAVE_STRINGS_H 1
| #define HAVE_INTTYPES_H 1
| #define HAVE_STDINT_H 1
| #define HAVE_UNISTD_H 1
| #define HAVE_DLFCN_H 1
| #define LT_OBJDIR ".libs/"
| /* end confdefs.h.  */
| 
| /* Override any GCC internal prototype to avoid an error.
|    Use char because int might match the return type of a GCC
|    builtin and then its argument prototype would still apply.  */
| #ifdef __cplusplus
| extern "C"
| #endif
| char shl_load ();
| int
| main ()
| {
| return shl_load ();
|   ;
|   return 0;
| }
configure:11123: result: no
configure:11128: checking for dlopen
configure:11128: gcc -o conftest -g -O2   conftest.c  >&5
/tmp/ccvtzVSX.o: In function `main':
/home/phjk/taskgraph/taskgraph-20140613/conftest.c:57: undefined reference to `dlopen'
collect2: error: ld returned 1 exit status
configure:11128: $? = 1
configure: failed program was:
| /* confdefs.h */
| #define PACKAGE_NAME "TaskGraph"
| #define PACKAGE_TARNAME "taskgraph"
| #define PACKAGE_VERSION "20070919"
| #define PACKAGE_STRING "TaskGraph 20070919"
| #define PACKAGE_BUGREPORT "fpr02@doc.ic.ac.uk"
| #define PACKAGE_URL ""
| #define PACKAGE "taskgraph"
| #define VERSION "20070919"
| #define STDC_HEADERS 1
| #define HAVE_SYS_TYPES_H 1
| #define HAVE_SYS_STAT_H 1
| #define HAVE_STDLIB_H 1
| #define HAVE_STRING_H 1
| #define HAVE_MEMORY_H 1
| #define HAVE_STRINGS_H 1
| #define HAVE_INTTYPES_H 1
| #define HAVE_STDINT_H 1
| #define HAVE_UNISTD_H 1
| #define HAVE_DLFCN_H 1
| #define LT_OBJDIR ".libs/"
| /* end confdefs.h.  */
| /* Define dlopen to an innocuous variant, in case <limits.h> declares dlopen.
|    For example, HP-UX 11i <limits.h> declares gettimeofday.  */
| #define dlopen innocuous_dlopen
| 
| /* System header to define __stub macros and hopefully few prototypes,
|     which can conflict with char dlopen (); below.
|     Prefer <limits.h> to <assert.h> if __STDC__ is defined, since
|     <limits.h> exists even on freestanding compilers.  */
| 
| #ifdef __STDC__
| # include <limits.h>
| #else
| # include <assert.h>
| #endif
| 
| #undef dlopen
| 
| /* Override any GCC internal prototype to avoid an error.
|    Use char because int might match the return type of a GCC
|    builtin and then its argument prototype would still apply.  */
| #ifdef __cplusplus
| extern "C"
| #endif
| char dlopen ();
| /* The GNU C library defines this for functions which it implements
|     to always fail with ENOSYS.  Some functions are actually named
|     something starting with __ and the normal name is an alias.  */
| #if defined __stub_dlopen || defined __stub___dlopen
| choke me
| #endif
| 
| int
| main ()
| {
| return dlopen ();
|   ;
|   return 0;
| }
configure:11128: result: no
configure:11132: checking for dlopen in -ldl
configure:11157: gcc -o conftest -g -O2   conftest.c -ldl   >&5
configure:11157: $? = 0
configure:11166: result: yes
configure:11285: checking whether a program can dlopen itself
configure:11365: gcc -o conftest -g -O2  -DHAVE_DLFCN_H  -Wl,--export-dynamic conftest.c -ldl  >&5
configure:11368: $? = 0
configure:11386: result: yes
configure:11391: checking whether a statically linked program can dlopen itself
configure:11471: gcc -o conftest -g -O2  -DHAVE_DLFCN_H  -Wl,--export-dynamic -static conftest.c -ldl  >&5
/tmp/cc1ERGCp.o: In function `main':
/home/phjk/taskgraph/taskgraph-20140613/configure:11450: warning: Using 'dlopen' in statically linked applications requires at runtime the shared libraries from the glibc version used for linking
configure:11474: $? = 0
conftest: undefined symbol: _fnord
configure:11492: result: no
configure:11531: checking whether stripping libraries is possible
configure:11536: result: yes
configure:11571: checking if libtool supports shared libraries
configure:11573: result: yes
configure:11576: checking whether to build shared libraries
configure:11597: result: yes
configure:11600: checking whether to build static libraries
configure:11604: result: no
configure:11654: checking for gawk
configure:11681: result: gawk
configure:11750: checking for g++
configure:11766: found /usr/bin/g++
configure:11777: result: g++
configure:11804: checking for C++ compiler version
configure:11813: g++ --version >&5
g++ (Ubuntu 7.5.0-3ubuntu1~18.04) 7.5.0
Copyright (C) 2017 Free Software Foundation, Inc.
This is free software; see the source for copying conditions.  There is NO
warranty; not even for MERCHANTABILITY or FITNESS FOR A PARTICULAR PURPOSE.

configure:11824: $? = 0
configure:11813: g++ -v >&5
Using built-in specs.
COLLECT_GCC=g++
COLLECT_LTO_WRAPPER=/usr/lib/gcc/x86_64-linux-gnu/7/lto-wrapper
OFFLOAD_TARGET_NAMES=nvptx-none
OFFLOAD_TARGET_DEFAULT=1
Target: x86_64-linux-gnu
Configured with: ../src/configure -v --with-pkgversion='Ubuntu 7.5.0-3ubuntu1~18.04' --with-bugurl=file:///usr/share/doc/gcc-7/README.Bugs --enable-languages=c,ada,c++,go,brig,d,fortran,objc,obj-c++ --prefix=/usr --with-gcc-major-version-only --program-suffix=-7 --program-prefix=x86_64-linux-gnu- --enable-shared --enable-linker-build-id --libexecdir=/usr/lib --without-included-gettext --enable-threads=posix --libdir=/usr/lib --enable-nls --enable-bootstrap --enable-clocale=gnu --enable-libstdcxx-debug --enable-libstdcxx-time=yes --with-default-libstdcxx-abi=new --enable-gnu-unique-object --disable-vtable-verify --enable-libmpx --enable-plugin --enable-default-pie --with-system-zlib --with-target-system-zlib --enable-objc-gc=auto --enable-multiarch --disable-werror --with-arch-32=i686 --with-abi=m64 --with-multilib-list=m32,m64,mx32 --enable-multilib --with-tune=generic --enable-offload-targets=nvptx-none --without-cuda-driver --enable-checking=release --build=x86_64-linux-gnu --host=x86_64-linux-gnu --target=x86_64-linux-gnu
Thread model: posix
gcc version 7.5.0 (Ubuntu 7.5.0-3ubuntu1~18.04) 
configure:11824: $? = 0
configure:11813: g++ -V >&5
g++: error: unrecognized command line option '-V'
g++: fatal error: no input files
compilation terminated.
configure:11824: $? = 1
configure:11813: g++ -qversion >&5
g++: error: unrecognized command line option '-qversion'; did you mean '--version'?
g++: fatal error: no input files
compilation terminated.
configure:11824: $? = 1
configure:11828: checking whether we are using the GNU C++ compiler
configure:11847: g++ -c   conftest.cpp >&5
configure:11847: $? = 0
configure:11856: result: yes
configure:11865: checking whether g++ accepts -g
configure:11885: g++ -c -g  conftest.cpp >&5
configure:11885: $? = 0
configure:11926: result: yes
configure:11951: checking dependency style of g++
configure:12062: result: gcc3
configure:12095: checking how to run the C++ preprocessor
configure:12122: g++ -E  conftest.cpp
configure:12122: $? = 0
configure:12136: g++ -E  conftest.cpp
conftest.cpp:23:10: fatal error: ac_nonexistent.h: No such file or directory
 #include <ac_nonexistent.h>
          ^~~~~~~~~~~~~~~~~~
compilation terminated.
configure:12136: $? = 1
configure: failed program was:
| /* confdefs.h */
| #define PACKAGE_NAME "TaskGraph"
| #define PACKAGE_TARNAME "taskgraph"
| #define PACKAGE_VERSION "20070919"
| #define PACKAGE_STRING "TaskGraph 20070919"
| #define PACKAGE_BUGREPORT "fpr02@doc.ic.ac.uk"
| #define PACKAGE_URL ""
| #define PACKAGE "taskgraph"
| #define VERSION "20070919"
| #define STDC_HEADERS 1
| #define HAVE_SYS_TYPES_H 1
| #define HAVE_SYS_STAT_H 1
| #define HAVE_STDLIB_H 1
| #define HAVE_STRING_H 1
| #define HAVE_MEMORY_H 1
| #define HAVE_STRINGS_H 1
| #define HAVE_INTTYPES_H 1
| #define HAVE_STDINT_H 1
| #define HAVE_UNISTD_H 1
| #define HAVE_DLFCN_H 1
| #define LT_OBJDIR ".libs/"
| /* end confdefs.h.  */
| #include <ac_nonexistent.h>
configure:12161: result: g++ -E
configure:12181: g++ -E  conftest.cpp
configure:12181: $? = 0
configure:12195: g++ -E  conftest.cpp
conftest.cpp:23:10: fatal error: ac_nonexistent.h: No such file or directory
 #include <ac_nonexistent.h>
          ^~~~~~~~~~~~~~~~~~
compilation terminated.
configure:12195: $? = 1
configure: failed program was:
| /* confdefs.h */
| #define PACKAGE_NAME "TaskGraph"
| #define PACKAGE_TARNAME "taskgraph"
| #define PACKAGE_VERSION "20070919"
| #define PACKAGE_STRING "TaskGraph 20070919"
| #define PACKAGE_BUGREPORT "fpr02@doc.ic.ac.uk"
| #define PACKAGE_URL ""
| #define PACKAGE "taskgraph"
| #define VERSION "20070919"
| #define STDC_HEADERS 1
| #define HAVE_SYS_TYPES_H 1
| #define HAVE_SYS_STAT_H 1
| #define HAVE_STDLIB_H 1
| #define HAVE_STRING_H 1
| #define HAVE_MEMORY_H 1
| #define HAVE_STRINGS_H 1
| #define HAVE_INTTYPES_H 1
| #define HAVE_STDINT_H 1
| #define HAVE_UNISTD_H 1
| #define HAVE_DLFCN_H 1
| #define LT_OBJDIR ".libs/"
| /* end confdefs.h.  */
| #include <ac_nonexistent.h>
configure:12364: checking for ld used by g++
configure:12431: result: /usr/bin/ld -m elf_x86_64
configure:12438: checking if the linker (/usr/bin/ld -m elf_x86_64) is GNU ld
configure:12453: result: yes
configure:12508: checking whether the g++ linker (/usr/bin/ld -m elf_x86_64) supports shared libraries
configure:13513: result: yes
configure:13549: g++ -c -g -O2  conftest.cpp >&5
configure:13552: $? = 0
configure:14072: checking for g++ option to produce PIC
configure:14079: result: -fPIC -DPIC
configure:14087: checking if g++ PIC flag -fPIC -DPIC works
configure:14105: g++ -c -g -O2  -fPIC -DPIC -DPIC conftest.cpp >&5
configure:14109: $? = 0
configure:14122: result: yes
configure:14145: checking if g++ static flag -static works
configure:14173: result: yes
configure:14185: checking if g++ supports -c -o file.o
configure:14206: g++ -c -g -O2  -o out/conftest2.o conftest.cpp >&5
configure:14210: $? = 0
configure:14232: result: yes
configure:14237: checking if g++ supports -c -o file.o
configure:14284: result: yes
configure:14314: checking whether the g++ linker (/usr/bin/ld -m elf_x86_64) supports shared libraries
configure:14350: result: yes
configure:14491: checking dynamic linker characteristics
configure:15158: result: GNU/Linux ld.so
configure:15211: checking how to hardcode library paths into programs
configure:15236: result: immediate
configure:15324: checking for gcc
configure:15351: result: gcc
configure:15580: checking for C compiler version
configure:15589: gcc --version >&5
gcc (Ubuntu 7.5.0-3ubuntu1~18.04) 7.5.0
Copyright (C) 2017 Free Software Foundation, Inc.
This is free software; see the source for copying conditions.  There is NO
warranty; not even for MERCHANTABILITY or FITNESS FOR A PARTICULAR PURPOSE.

configure:15600: $? = 0
configure:15589: gcc -v >&5
Using built-in specs.
COLLECT_GCC=gcc
COLLECT_LTO_WRAPPER=/usr/lib/gcc/x86_64-linux-gnu/7/lto-wrapper
OFFLOAD_TARGET_NAMES=nvptx-none
OFFLOAD_TARGET_DEFAULT=1
Target: x86_64-linux-gnu
Configured with: ../src/configure -v --with-pkgversion='Ubuntu 7.5.0-3ubuntu1~18.04' --with-bugurl=file:///usr/share/doc/gcc-7/README.Bugs --enable-languages=c,ada,c++,go,brig,d,fortran,objc,obj-c++ --prefix=/usr --with-gcc-major-version-only --program-suffix=-7 --program-prefix=x86_64-linux-gnu- --enable-shared --enable-linker-build-id --libexecdir=/usr/lib --without-included-gettext --enable-threads=posix --libdir=/usr/lib --enable-nls --enable-bootstrap --enable-clocale=gnu --enable-libstdcxx-debug --enable-libstdcxx-time=yes --with-default-libstdcxx-abi=new --enable-gnu-unique-object --disable-vtable-verify --enable-libmpx --enable-plugin --enable-default-pie --with-system-zlib --with-target-system-zlib --enable-objc-gc=auto --enable-multiarch --disable-werror --with-arch-32=i686 --with-abi=m64 --with-multilib-list=m32,m64,mx32 --enable-multilib --with-tune=generic --enable-offload-targets=nvptx-none --without-cuda-driver --enable-checking=release --build=x86_64-linux-gnu --host=x86_64-linux-gnu --target=x86_64-linux-gnu
Thread model: posix
gcc version 7.5.0 (Ubuntu 7.5.0-3ubuntu1~18.04) 
configure:15600: $? = 0
configure:15589: gcc -V >&5
gcc: error: unrecognized command line option '-V'
gcc: fatal error: no input files
compilation terminated.
configure:15600: $? = 1
configure:15589: gcc -qversion >&5
gcc: error: unrecognized command line option '-qversion'; did you mean '--version'?
gcc: fatal error: no input files
compilation terminated.
configure:15600: $? = 1
configure:15604: checking whether we are using the GNU C compiler
configure:15632: result: yes
configure:15641: checking whether gcc accepts -g
configure:15702: result: yes
configure:15719: checking for gcc option to accept ISO C89
configure:15795: result: none needed
configure:15817: checking dependency style of gcc
configure:15928: result: gcc3
configure:15943: checking whether ln -s works
configure:15947: result: yes
configure:15954: checking whether make sets $(MAKE)
configure:15976: result: yes
configure:16028: checking for ranlib
configure:16055: result: ranlib
configure:16082: checking for ANSI C header files
configure:16186: result: yes
configure:16194: checking for sys/wait.h that is POSIX.1 compatible
configure:16220: g++ -c -g -O2  conftest.cpp >&5
configure:16220: $? = 0
configure:16227: result: yes
configure:16238: checking float.h usability
configure:16238: g++ -c -g -O2  conftest.cpp >&5
configure:16238: $? = 0
configure:16238: result: yes
configure:16238: checking float.h presence
configure:16238: g++ -E  conftest.cpp
configure:16238: $? = 0
configure:16238: result: yes
configure:16238: checking for float.h
configure:16238: result: yes
configure:16238: checking malloc.h usability
configure:16238: g++ -c -g -O2  conftest.cpp >&5
configure:16238: $? = 0
configure:16238: result: yes
configure:16238: checking malloc.h presence
configure:16238: g++ -E  conftest.cpp
configure:16238: $? = 0
configure:16238: result: yes
configure:16238: checking for malloc.h
configure:16238: result: yes
configure:16238: checking for stdlib.h
configure:16238: result: yes
configure:16238: checking for string.h
configure:16238: result: yes
configure:16238: checking sys/time.h usability
configure:16238: g++ -c -g -O2  conftest.cpp >&5
configure:16238: $? = 0
configure:16238: result: yes
configure:16238: checking sys/time.h presence
configure:16238: g++ -E  conftest.cpp
configure:16238: $? = 0
configure:16238: result: yes
configure:16238: checking for sys/time.h
configure:16238: result: yes
configure:16238: checking for unistd.h
configure:16238: result: yes
configure:16250: checking for stdbool.h that conforms to C99
configure:16317: g++ -c -g -O2  conftest.cpp >&5
conftest.cpp:34:15: error: expected unqualified-id before string constant
               "error: bool is not defined"
               ^~~~~~~~~~~~~~~~~~~~~~~~~~~~
conftest.cpp:52:48: error: 's' does not name a type
              struct s { _Bool s: 1; _Bool t; } s;
                                                ^
conftest.cpp:62:28: error: 's' was not declared in this scope
              char i[sizeof s.t];
                            ^
conftest.cpp: In function 'int main()':
conftest.cpp:80:24: error: 's' was not declared in this scope
              bool e = &s;
                        ^
conftest.cpp:84:63: error: 'i' was not declared in this scope
              return (!a + !b + !c + !d + !e + !f + !g + !h + !i + !!j + !k + !!l
                                                               ^
configure:16317: $? = 1
configure: failed program was:
| /* confdefs.h */
| #define PACKAGE_NAME "TaskGraph"
| #define PACKAGE_TARNAME "taskgraph"
| #define PACKAGE_VERSION "20070919"
| #define PACKAGE_STRING "TaskGraph 20070919"
| #define PACKAGE_BUGREPORT "fpr02@doc.ic.ac.uk"
| #define PACKAGE_URL ""
| #define PACKAGE "taskgraph"
| #define VERSION "20070919"
| #define STDC_HEADERS 1
| #define HAVE_SYS_TYPES_H 1
| #define HAVE_SYS_STAT_H 1
| #define HAVE_STDLIB_H 1
| #define HAVE_STRING_H 1
| #define HAVE_MEMORY_H 1
| #define HAVE_STRINGS_H 1
| #define HAVE_INTTYPES_H 1
| #define HAVE_STDINT_H 1
| #define HAVE_UNISTD_H 1
| #define HAVE_DLFCN_H 1
| #define LT_OBJDIR ".libs/"
| #define STDC_HEADERS 1
| #define HAVE_SYS_WAIT_H 1
| #define HAVE_FLOAT_H 1
| #define HAVE_MALLOC_H 1
| #define HAVE_STDLIB_H 1
| #define HAVE_STRING_H 1
| #define HAVE_SYS_TIME_H 1
| #define HAVE_UNISTD_H 1
| /* end confdefs.h.  */
| 
|              #include <stdbool.h>
|              #ifndef bool
|               "error: bool is not defined"
|              #endif
|              #ifndef false
|               "error: false is not defined"
|              #endif
|              #if false
|               "error: false is not 0"
|              #endif
|              #ifndef true
|               "error: true is not defined"
|              #endif
|              #if true != 1
|               "error: true is not 1"
|              #endif
|              #ifndef __bool_true_false_are_defined
|               "error: __bool_true_false_are_defined is not defined"
|              #endif
| 
|              struct s { _Bool s: 1; _Bool t; } s;
| 
|              char a[true == 1 ? 1 : -1];
|              char b[false == 0 ? 1 : -1];
|              char c[__bool_true_false_are_defined == 1 ? 1 : -1];
|              char d[(bool) 0.5 == true ? 1 : -1];
|              /* See body of main program for 'e'.  */
|              char f[(_Bool) 0.0 == false ? 1 : -1];
|              char g[true];
|              char h[sizeof (_Bool)];
|              char i[sizeof s.t];
|              enum { j = false, k = true, l = false * true, m = true * 256 };
|              /* The following fails for
|                 HP aC++/ANSI C B3910B A.05.55 [Dec 04 2003]. */
|              _Bool n[m];
|              char o[sizeof n == m * sizeof n[0] ? 1 : -1];
|              char p[-1 - (_Bool) 0 < 0 && -1 - (bool) 0 < 0 ? 1 : -1];
|              /* Catch a bug in an HP-UX C compiler.  See
|                 http://gcc.gnu.org/ml/gcc-patches/2003-12/msg02303.html
|                 http://lists.gnu.org/archive/html/bug-coreutils/2005-11/msg00161.html
|               */
|              _Bool q = true;
|              _Bool *pq = &q;
| 
| int
| main ()
| {
| 
|              bool e = &s;
|              *pq |= q;
|              *pq |= ! q;
|              /* Refer to every declared value, to avoid compiler optimizations.  */
|              return (!a + !b + !c + !d + !e + !f + !g + !h + !i + !!j + !k + !!l
|                      + !m + !n + !o + !p + !q + !pq);
| 
|   ;
|   return 0;
| }
configure:16324: result: no
configure:16326: checking for _Bool
configure:16326: g++ -c -g -O2  conftest.cpp >&5
conftest.cpp: In function 'int main()':
conftest.cpp:67:13: error: '_Bool' was not declared in this scope
 if (sizeof (_Bool))
             ^~~~~
conftest.cpp:67:13: note: suggested alternative: 'bool'
 if (sizeof (_Bool))
             ^~~~~
             bool
configure:16326: $? = 1
configure: failed program was:
| /* confdefs.h */
| #define PACKAGE_NAME "TaskGraph"
| #define PACKAGE_TARNAME "taskgraph"
| #define PACKAGE_VERSION "20070919"
| #define PACKAGE_STRING "TaskGraph 20070919"
| #define PACKAGE_BUGREPORT "fpr02@doc.ic.ac.uk"
| #define PACKAGE_URL ""
| #define PACKAGE "taskgraph"
| #define VERSION "20070919"
| #define STDC_HEADERS 1
| #define HAVE_SYS_TYPES_H 1
| #define HAVE_SYS_STAT_H 1
| #define HAVE_STDLIB_H 1
| #define HAVE_STRING_H 1
| #define HAVE_MEMORY_H 1
| #define HAVE_STRINGS_H 1
| #define HAVE_INTTYPES_H 1
| #define HAVE_STDINT_H 1
| #define HAVE_UNISTD_H 1
| #define HAVE_DLFCN_H 1
| #define LT_OBJDIR ".libs/"
| #define STDC_HEADERS 1
| #define HAVE_SYS_WAIT_H 1
| #define HAVE_FLOAT_H 1
| #define HAVE_MALLOC_H 1
| #define HAVE_STDLIB_H 1
| #define HAVE_STRING_H 1
| #define HAVE_SYS_TIME_H 1
| #define HAVE_UNISTD_H 1
| /* end confdefs.h.  */
| #include <stdio.h>
| #ifdef HAVE_SYS_TYPES_H
| # include <sys/types.h>
| #endif
| #ifdef HAVE_SYS_STAT_H
| # include <sys/stat.h>
| #endif
| #ifdef STDC_HEADERS
| # include <stdlib.h>
| # include <stddef.h>
| #else
| # ifdef HAVE_STDLIB_H
| #  include <stdlib.h>
| # endif
| #endif
| #ifdef HAVE_STRING_H
| # if !defined STDC_HEADERS && defined HAVE_MEMORY_H
| #  include <memory.h>
| # endif
| # include <string.h>
| #endif
| #ifdef HAVE_STRINGS_H
| # include <strings.h>
| #endif
| #ifdef HAVE_INTTYPES_H
| # include <inttypes.h>
| #endif
| #ifdef HAVE_STDINT_H
| # include <stdint.h>
| #endif
| #ifdef HAVE_UNISTD_H
| # include <unistd.h>
| #endif
| int
| main ()
| {
| if (sizeof (_Bool))
| 	 return 0;
|   ;
|   return 0;
| }
configure:16326: result: no
configure:16343: checking for an ANSI C-conforming const
configure:16409: g++ -c -g -O2  conftest.cpp >&5
configure:16409: $? = 0
configure:16416: result: yes
configure:16424: checking for inline
configure:16440: g++ -c -g -O2  conftest.cpp >&5
configure:16440: $? = 0
configure:16448: result: inline
configure:16466: checking for size_t
configure:16466: g++ -c -g -O2  conftest.cpp >&5
configure:16466: $? = 0
configure:16466: g++ -c -g -O2  conftest.cpp >&5
conftest.cpp: In function 'int main()':
conftest.cpp:67:20: error: expected primary-expression before ')' token
 if (sizeof ((size_t)))
                    ^
configure:16466: $? = 1
configure: failed program was:
| /* confdefs.h */
| #define PACKAGE_NAME "TaskGraph"
| #define PACKAGE_TARNAME "taskgraph"
| #define PACKAGE_VERSION "20070919"
| #define PACKAGE_STRING "TaskGraph 20070919"
| #define PACKAGE_BUGREPORT "fpr02@doc.ic.ac.uk"
| #define PACKAGE_URL ""
| #define PACKAGE "taskgraph"
| #define VERSION "20070919"
| #define STDC_HEADERS 1
| #define HAVE_SYS_TYPES_H 1
| #define HAVE_SYS_STAT_H 1
| #define HAVE_STDLIB_H 1
| #define HAVE_STRING_H 1
| #define HAVE_MEMORY_H 1
| #define HAVE_STRINGS_H 1
| #define HAVE_INTTYPES_H 1
| #define HAVE_STDINT_H 1
| #define HAVE_UNISTD_H 1
| #define HAVE_DLFCN_H 1
| #define LT_OBJDIR ".libs/"
| #define STDC_HEADERS 1
| #define HAVE_SYS_WAIT_H 1
| #define HAVE_FLOAT_H 1
| #define HAVE_MALLOC_H 1
| #define HAVE_STDLIB_H 1
| #define HAVE_STRING_H 1
| #define HAVE_SYS_TIME_H 1
| #define HAVE_UNISTD_H 1
| /* end confdefs.h.  */
| #include <stdio.h>
| #ifdef HAVE_SYS_TYPES_H
| # include <sys/types.h>
| #endif
| #ifdef HAVE_SYS_STAT_H
| # include <sys/stat.h>
| #endif
| #ifdef STDC_HEADERS
| # include <stdlib.h>
| # include <stddef.h>
| #else
| # ifdef HAVE_STDLIB_H
| #  include <stdlib.h>
| # endif
| #endif
| #ifdef HAVE_STRING_H
| # if !defined STDC_HEADERS && defined HAVE_MEMORY_H
| #  include <memory.h>
| # endif
| # include <string.h>
| #endif
| #ifdef HAVE_STRINGS_H
| # include <strings.h>
| #endif
| #ifdef HAVE_INTTYPES_H
| # include <inttypes.h>
| #endif
| #ifdef HAVE_STDINT_H
| # include <stdint.h>
| #endif
| #ifdef HAVE_UNISTD_H
| # include <unistd.h>
| #endif
| int
| main ()
| {
| if (sizeof ((size_t)))
| 	    return 0;
|   ;
|   return 0;
| }
configure:16466: result: yes
configure:16477: checking whether time.h and sys/time.h may both be included
configure:16497: g++ -c -g -O2  conftest.cpp >&5
configure:16497: $? = 0
configure:16504: result: yes
configure:16514: checking for pid_t
configure:16514: g++ -c -g -O2  conftest.cpp >&5
configure:16514: $? = 0
configure:16514: g++ -c -g -O2  conftest.cpp >&5
conftest.cpp: In function 'int main()':
conftest.cpp:68:19: error: expected primary-expression before ')' token
 if (sizeof ((pid_t)))
                   ^
configure:16514: $? = 1
configure: failed program was:
| /* confdefs.h */
| #define PACKAGE_NAME "TaskGraph"
| #define PACKAGE_TARNAME "taskgraph"
| #define PACKAGE_VERSION "20070919"
| #define PACKAGE_STRING "TaskGraph 20070919"
| #define PACKAGE_BUGREPORT "fpr02@doc.ic.ac.uk"
| #define PACKAGE_URL ""
| #define PACKAGE "taskgraph"
| #define VERSION "20070919"
| #define STDC_HEADERS 1
| #define HAVE_SYS_TYPES_H 1
| #define HAVE_SYS_STAT_H 1
| #define HAVE_STDLIB_H 1
| #define HAVE_STRING_H 1
| #define HAVE_MEMORY_H 1
| #define HAVE_STRINGS_H 1
| #define HAVE_INTTYPES_H 1
| #define HAVE_STDINT_H 1
| #define HAVE_UNISTD_H 1
| #define HAVE_DLFCN_H 1
| #define LT_OBJDIR ".libs/"
| #define STDC_HEADERS 1
| #define HAVE_SYS_WAIT_H 1
| #define HAVE_FLOAT_H 1
| #define HAVE_MALLOC_H 1
| #define HAVE_STDLIB_H 1
| #define HAVE_STRING_H 1
| #define HAVE_SYS_TIME_H 1
| #define HAVE_UNISTD_H 1
| #define TIME_WITH_SYS_TIME 1
| /* end confdefs.h.  */
| #include <stdio.h>
| #ifdef HAVE_SYS_TYPES_H
| # include <sys/types.h>
| #endif
| #ifdef HAVE_SYS_STAT_H
| # include <sys/stat.h>
| #endif
| #ifdef STDC_HEADERS
| # include <stdlib.h>
| # include <stddef.h>
| #else
| # ifdef HAVE_STDLIB_H
| #  include <stdlib.h>
| # endif
| #endif
| #ifdef HAVE_STRING_H
| # if !defined STDC_HEADERS && defined HAVE_MEMORY_H
| #  include <memory.h>
| # endif
| # include <string.h>
| #endif
| #ifdef HAVE_STRINGS_H
| # include <strings.h>
| #endif
| #ifdef HAVE_INTTYPES_H
| # include <inttypes.h>
| #endif
| #ifdef HAVE_STDINT_H
| # include <stdint.h>
| #endif
| #ifdef HAVE_UNISTD_H
| # include <unistd.h>
| #endif
| int
| main ()
| {
| if (sizeof ((pid_t)))
| 	    return 0;
|   ;
|   return 0;
| }
configure:16514: result: yes
configure:16527: checking vfork.h usability
configure:16527: g++ -c -g -O2  conftest.cpp >&5
conftest.cpp:65:10: fatal error: vfork.h: No such file or directory
 #include <vfork.h>
          ^~~~~~~~~
compilation terminated.
configure:16527: $? = 1
configure: failed program was:
| /* confdefs.h */
| #define PACKAGE_NAME "TaskGraph"
| #define PACKAGE_TARNAME "taskgraph"
| #define PACKAGE_VERSION "20070919"
| #define PACKAGE_STRING "TaskGraph 20070919"
| #define PACKAGE_BUGREPORT "fpr02@doc.ic.ac.uk"
| #define PACKAGE_URL ""
| #define PACKAGE "taskgraph"
| #define VERSION "20070919"
| #define STDC_HEADERS 1
| #define HAVE_SYS_TYPES_H 1
| #define HAVE_SYS_STAT_H 1
| #define HAVE_STDLIB_H 1
| #define HAVE_STRING_H 1
| #define HAVE_MEMORY_H 1
| #define HAVE_STRINGS_H 1
| #define HAVE_INTTYPES_H 1
| #define HAVE_STDINT_H 1
| #define HAVE_UNISTD_H 1
| #define HAVE_DLFCN_H 1
| #define LT_OBJDIR ".libs/"
| #define STDC_HEADERS 1
| #define HAVE_SYS_WAIT_H 1
| #define HAVE_FLOAT_H 1
| #define HAVE_MALLOC_H 1
| #define HAVE_STDLIB_H 1
| #define HAVE_STRING_H 1
| #define HAVE_SYS_TIME_H 1
| #define HAVE_UNISTD_H 1
| #define TIME_WITH_SYS_TIME 1
| /* end confdefs.h.  */
| #include <stdio.h>
| #ifdef HAVE_SYS_TYPES_H
| # include <sys/types.h>
| #endif
| #ifdef HAVE_SYS_STAT_H
| # include <sys/stat.h>
| #endif
| #ifdef STDC_HEADERS
| # include <stdlib.h>
| # include <stddef.h>
| #else
| # ifdef HAVE_STDLIB_H
| #  include <stdlib.h>
| # endif
| #endif
| #ifdef HAVE_STRING_H
| # if !defined STDC_HEADERS && defined HAVE_MEMORY_H
| #  include <memory.h>
| # endif
| # include <string.h>
| #endif
| #ifdef HAVE_STRINGS_H
| # include <strings.h>
| #endif
| #ifdef HAVE_INTTYPES_H
| # include <inttypes.h>
| #endif
| #ifdef HAVE_STDINT_H
| # include <stdint.h>
| #endif
| #ifdef HAVE_UNISTD_H
| # include <unistd.h>
| #endif
| #include <vfork.h>
configure:16527: result: no
configure:16527: checking vfork.h presence
configure:16527: g++ -E  conftest.cpp
conftest.cpp:32:10: fatal error: vfork.h: No such file or directory
 #include <vfork.h>
          ^~~~~~~~~
compilation terminated.
configure:16527: $? = 1
configure: failed program was:
| /* confdefs.h */
| #define PACKAGE_NAME "TaskGraph"
| #define PACKAGE_TARNAME "taskgraph"
| #define PACKAGE_VERSION "20070919"
| #define PACKAGE_STRING "TaskGraph 20070919"
| #define PACKAGE_BUGREPORT "fpr02@doc.ic.ac.uk"
| #define PACKAGE_URL ""
| #define PACKAGE "taskgraph"
| #define VERSION "20070919"
| #define STDC_HEADERS 1
| #define HAVE_SYS_TYPES_H 1
| #define HAVE_SYS_STAT_H 1
| #define HAVE_STDLIB_H 1
| #define HAVE_STRING_H 1
| #define HAVE_MEMORY_H 1
| #define HAVE_STRINGS_H 1
| #define HAVE_INTTYPES_H 1
| #define HAVE_STDINT_H 1
| #define HAVE_UNISTD_H 1
| #define HAVE_DLFCN_H 1
| #define LT_OBJDIR ".libs/"
| #define STDC_HEADERS 1
| #define HAVE_SYS_WAIT_H 1
| #define HAVE_FLOAT_H 1
| #define HAVE_MALLOC_H 1
| #define HAVE_STDLIB_H 1
| #define HAVE_STRING_H 1
| #define HAVE_SYS_TIME_H 1
| #define HAVE_UNISTD_H 1
| #define TIME_WITH_SYS_TIME 1
| /* end confdefs.h.  */
| #include <vfork.h>
configure:16527: result: no
configure:16527: checking for vfork.h
configure:16527: result: no
configure:16540: checking for fork
configure:16540: g++ -o conftest -g -O2   conftest.cpp  >&5
conftest.cpp:55:6: warning: declaration of 'char fork()' conflicts with built-in declaration 'int fork()' [-Wbuiltin-declaration-mismatch]
 char fork ();
      ^~~~
configure:16540: $? = 0
configure:16540: result: yes
configure:16540: checking for vfork
configure:16540: g++ -o conftest -g -O2   conftest.cpp  >&5
configure:16540: $? = 0
configure:16540: result: yes
configure:16550: checking for working fork
configure:16572: g++ -o conftest -g -O2   conftest.cpp  >&5
configure:16572: $? = 0
configure:16572: ./conftest
configure:16572: $? = 0
configure:16582: result: yes
configure:16603: checking for working vfork
configure:16713: result: yes
configure:16740: checking for stdlib.h
configure:16740: result: yes
configure:16750: checking for GNU libc compatible malloc
configure:16774: g++ -o conftest -g -O2   conftest.cpp  >&5
configure:16774: $? = 0
configure:16774: ./conftest
configure:16774: $? = 0
configure:16784: result: yes
configure:16811: checking for utime.h
configure:16811: g++ -c -g -O2  conftest.cpp >&5
configure:16811: $? = 0
configure:16811: result: yes
configure:16825: checking whether utime accepts a null argument
configure:16854: g++ -o conftest -g -O2   conftest.cpp  >&5
configure:16854: $? = 0
configure:16854: ./conftest
configure:16854: $? = 0
configure:16864: result: yes
configure:16877: checking for floor
configure:16877: g++ -o conftest -g -O2   conftest.cpp  >&5
conftest.cpp:63:6: warning: declaration of 'char floor()' conflicts with built-in declaration 'double floor(double)' [-Wbuiltin-declaration-mismatch]
 char floor ();
      ^~~~~
configure:16877: $? = 0
configure:16877: result: yes
configure:16877: checking for gettimeofday
configure:16877: g++ -o conftest -g -O2   conftest.cpp  >&5
configure:16877: $? = 0
configure:16877: result: yes
configure:16877: checking for pow
configure:16877: g++ -o conftest -g -O2   conftest.cpp  >&5
conftest.cpp:65:6: warning: declaration of 'char pow()' conflicts with built-in declaration 'double pow(double, double)' [-Wbuiltin-declaration-mismatch]
 char pow ();
      ^~~
configure:16877: $? = 0
configure:16877: result: yes
configure:16877: checking for sqrt
configure:16877: g++ -o conftest -g -O2   conftest.cpp  >&5
conftest.cpp:66:6: warning: declaration of 'char sqrt()' conflicts with built-in declaration 'double sqrt(double)' [-Wbuiltin-declaration-mismatch]
 char sqrt ();
      ^~~~
configure:16877: $? = 0
configure:16877: result: yes
configure:16877: checking for utime
configure:16877: g++ -o conftest -g -O2   conftest.cpp  >&5
configure:16877: $? = 0
configure:16877: result: yes
configure:16921: checking for gcc
configure:16939: found /usr/bin/gcc
configure:16951: result: /usr/bin/gcc
configure:16996: checking for icc
configure:17029: result: no
configure:17071: checking for ppuxlc
configure:17104: result: no
configure:17146: checking for spu-gcc
configure:17179: result: no
configure:17221: checking for spuxlc
configure:17254: result: no
configure:17305: checking for gcc architecture flag
configure:17307: result: 
configure:17329: checking for x86 cpuid 0 output
configure:17358: gcc -o conftest -g -O2   conftest.c  >&5
configure:17358: $? = 0
configure:17358: ./conftest
configure:17358: $? = 0
configure:17368: result: 16:756e6547:6c65746e:49656e69
configure:17384: checking for x86 cpuid 1 output
configure:17413: gcc -o conftest -g -O2   conftest.c  >&5
configure:17413: $? = 0
configure:17413: ./conftest
configure:17413: $? = 0
configure:17423: result: 806e9:100800:7ffafbbf:bfebfbff
configure:17647: checking whether C++ compiler accepts -march=core2
configure:17666: g++ -c -O2 -Wall -pedantic -pipe  -march=core2  conftest.cpp >&5
configure:17666: $? = 0
configure:17675: result: yes
configure:17692: checking for gcc architecture flag
configure:17694: result: -march=core2
configure:17749: checking for boostlib >= 1.33
configure:17799: g++ -c -O2 -Wall -pedantic -pipe -march=core2  -I/usr/include conftest.cpp >&5
configure:17799: $? = 0
configure:17801: result: yes
configure:18008: using -fPIC option for compiling dlopened objects with gcc
configure:18024: g++ -c -O2 -Wall -pedantic -pipe -march=core2 -I/usr/include  conftest.cpp >&5
conftest.cpp:51:10: fatal error: libspe2.h: No such file or directory
 #include <libspe2.h>
          ^~~~~~~~~~~
compilation terminated.
configure:18024: $? = 1
configure: failed program was:
| /* confdefs.h */
| #define PACKAGE_NAME "TaskGraph"
| #define PACKAGE_TARNAME "taskgraph"
| #define PACKAGE_VERSION "20070919"
| #define PACKAGE_STRING "TaskGraph 20070919"
| #define PACKAGE_BUGREPORT "fpr02@doc.ic.ac.uk"
| #define PACKAGE_URL ""
| #define PACKAGE "taskgraph"
| #define VERSION "20070919"
| #define STDC_HEADERS 1
| #define HAVE_SYS_TYPES_H 1
| #define HAVE_SYS_STAT_H 1
| #define HAVE_STDLIB_H 1
| #define HAVE_STRING_H 1
| #define HAVE_MEMORY_H 1
| #define HAVE_STRINGS_H 1
| #define HAVE_INTTYPES_H 1
| #define HAVE_STDINT_H 1
| #define HAVE_UNISTD_H 1
| #define HAVE_DLFCN_H 1
| #define LT_OBJDIR ".libs/"
| #define STDC_HEADERS 1
| #define HAVE_SYS_WAIT_H 1
| #define HAVE_FLOAT_H 1
| #define HAVE_MALLOC_H 1
| #define HAVE_STDLIB_H 1
| #define HAVE_STRING_H 1
| #define HAVE_SYS_TIME_H 1
| #define HAVE_UNISTD_H 1
| #define TIME_WITH_SYS_TIME 1
| #define HAVE_FORK 1
| #define HAVE_VFORK 1
| #define HAVE_WORKING_VFORK 1
| #define HAVE_WORKING_FORK 1
| #define HAVE_STDLIB_H 1
| #define HAVE_MALLOC 1
| #define HAVE_UTIME_H 1
| #define HAVE_UTIME_NULL 1
| #define HAVE_FLOOR 1
| #define HAVE_GETTIMEOFDAY 1
| #define HAVE_POW 1
| #define HAVE_SQRT 1
| #define HAVE_UTIME 1
| #define GCC_PATH "/usr/bin/gcc"
| #define ICC_PATH ""
| #define SPUGCC_PATH ""
| #define PPUXLC_PATH ""
| #define SPUXLC_PATH ""
| #define HAVE_BOOST /**/
| /* end confdefs.h.  */
| #include <libspe2.h>
| int
| main ()
| {
| 
|   ;
|   return 0;
| }
configure:18028: failed to find libspe2... not building Cell support
configure:18113: g++ -c -O2 -Wall -pedantic -pipe -march=core2 -I/usr/include  conftest.cpp >&5
conftest.cpp:53:10: fatal error: rose.h: No such file or directory
 #include <rose.h>
          ^~~~~~~~
compilation terminated.
configure:18113: $? = 1
configure: failed program was:
| /* confdefs.h */
| #define PACKAGE_NAME "TaskGraph"
| #define PACKAGE_TARNAME "taskgraph"
| #define PACKAGE_VERSION "20070919"
| #define PACKAGE_STRING "TaskGraph 20070919"
| #define PACKAGE_BUGREPORT "fpr02@doc.ic.ac.uk"
| #define PACKAGE_URL ""
| #define PACKAGE "taskgraph"
| #define VERSION "20070919"
| #define STDC_HEADERS 1
| #define HAVE_SYS_TYPES_H 1
| #define HAVE_SYS_STAT_H 1
| #define HAVE_STDLIB_H 1
| #define HAVE_STRING_H 1
| #define HAVE_MEMORY_H 1
| #define HAVE_STRINGS_H 1
| #define HAVE_INTTYPES_H 1
| #define HAVE_STDINT_H 1
| #define HAVE_UNISTD_H 1
| #define HAVE_DLFCN_H 1
| #define LT_OBJDIR ".libs/"
| #define STDC_HEADERS 1
| #define HAVE_SYS_WAIT_H 1
| #define HAVE_FLOAT_H 1
| #define HAVE_MALLOC_H 1
| #define HAVE_STDLIB_H 1
| #define HAVE_STRING_H 1
| #define HAVE_SYS_TIME_H 1
| #define HAVE_UNISTD_H 1
| #define TIME_WITH_SYS_TIME 1
| #define HAVE_FORK 1
| #define HAVE_VFORK 1
| #define HAVE_WORKING_VFORK 1
| #define HAVE_WORKING_FORK 1
| #define HAVE_STDLIB_H 1
| #define HAVE_MALLOC 1
| #define HAVE_UTIME_H 1
| #define HAVE_UTIME_NULL 1
| #define HAVE_FLOOR 1
| #define HAVE_GETTIMEOFDAY 1
| #define HAVE_POW 1
| #define HAVE_SQRT 1
| #define HAVE_UTIME 1
| #define GCC_PATH "/usr/bin/gcc"
| #define ICC_PATH ""
| #define SPUGCC_PATH ""
| #define PPUXLC_PATH ""
| #define SPUXLC_PATH ""
| #define HAVE_BOOST /**/
| #define EXTRA_ICC_COMPILE_ARGS  "-fPIC", 
| #define EXTRA_GCC_COMPILE_ARGS  "-march=core2",  "-fPIC", 
| /* end confdefs.h.  */
| #include <rose.h>
| int
| main ()
| {
| 
|   ;
|   return 0;
| }
configure:18117: did not detect Rose
configure:18142: using SUIF1
configure:18336: creating ./config.status

## ---------------------- ##
## Running config.status. ##
## ---------------------- ##

This file was extended by TaskGraph config.status 20070919, which was
generated by GNU Autoconf 2.69.  Invocation command line was

  CONFIG_FILES    = 
  CONFIG_HEADERS  = 
  CONFIG_LINKS    = 
  CONFIG_COMMANDS = 
  $ ./config.status 

on DESKTOP-PFJHU8G

config.status:1216: creating Makefile
config.status:1216: creating docs/Makefile
config.status:1216: creating examples/Makefile
config.status:1216: creating examples/tests/Makefile
config.status:1216: creating examples/toy/Makefile
config.status:1216: creating examples/cell/Makefile
config.status:1216: creating examples/cell/mandelbrot/Makefile
config.status:1216: creating examples/cell/pipeline/Makefile
config.status:1216: creating examples/complex/Makefile
config.status:1216: creating examples/complex/fft/Makefile
config.status:1216: creating examples/complex/multistage/Makefile
config.status:1216: creating examples/complex/raytracer/Makefile
config.status:1216: creating examples/intermediate/Makefile
config.status:1216: creating examples/intermediate/interpreter/Makefile
config.status:1216: creating examples/intermediate/expressions/Makefile
config.status:1216: creating examples/intermediate/skewedgaussseidel/Makefile
config.status:1216: creating examples/introductory/imgfilt/Makefile
config.status:1216: creating examples/introductory/matrixmult/Makefile
config.status:1216: creating examples/introductory/simple/Makefile
config.status:1216: creating examples/introductory/Makefile
config.status:1216: creating examples/others/mathintprt/Makefile
config.status:1216: creating examples/others/mmiter/Makefile
config.status:1216: creating examples/others/morton-gaussseidel/Makefile
config.status:1216: creating examples/others/mortonmm/Makefile
config.status:1216: creating examples/others/mortontiling/Makefile
config.status:1216: creating examples/others/zeros/Makefile
config.status:1216: creating examples/others/Makefile
config.status:1216: creating include/Makefile
config.status:1216: creating share/Makefile
config.status:1216: creating suif/Makefile
config.status:1216: creating suif/include/Makefile
config.status:1216: creating suif/lib/Makefile
config.status:1216: creating src/Makefile
config.status:1216: creating include/TaskGraph_config.h
config.status:1397: include/TaskGraph_config.h is unchanged
config.status:1445: executing depfiles commands
config.status:1445: executing libtool commands

## ---------------- ##
## Cache variables. ##
## ---------------- ##

ac_cv_build=x86_64-unknown-linux-gnu
ac_cv_c_compiler_gnu=yes
ac_cv_c_const=yes
ac_cv_c_inline=inline
ac_cv_cxx_compiler_gnu=yes
ac_cv_env_CCC_set=
ac_cv_env_CCC_value=
ac_cv_env_CC_set=
ac_cv_env_CC_value=
ac_cv_env_CFLAGS_set=
ac_cv_env_CFLAGS_value=
ac_cv_env_CPPFLAGS_set=
ac_cv_env_CPPFLAGS_value=
ac_cv_env_CPP_set=
ac_cv_env_CPP_value=
ac_cv_env_CXXCPP_set=
ac_cv_env_CXXCPP_value=
ac_cv_env_CXXFLAGS_set=
ac_cv_env_CXXFLAGS_value=
ac_cv_env_CXX_set=
ac_cv_env_CXX_value=
ac_cv_env_LDFLAGS_set=
ac_cv_env_LDFLAGS_value=
ac_cv_env_LIBS_set=
ac_cv_env_LIBS_value=
ac_cv_env_build_alias_set=
ac_cv_env_build_alias_value=
ac_cv_env_host_alias_set=
ac_cv_env_host_alias_value=
ac_cv_env_target_alias_set=
ac_cv_env_target_alias_value=
ac_cv_func_dlopen=no
ac_cv_func_floor=yes
ac_cv_func_fork=yes
ac_cv_func_fork_works=yes
ac_cv_func_gettimeofday=yes
ac_cv_func_malloc_0_nonnull=yes
ac_cv_func_pow=yes
ac_cv_func_shl_load=no
ac_cv_func_sqrt=yes
ac_cv_func_utime=yes
ac_cv_func_utime_null=yes
ac_cv_func_vfork=yes
ac_cv_func_vfork_works=yes
ac_cv_header_dlfcn_h=yes
ac_cv_header_float_h=yes
ac_cv_header_inttypes_h=yes
ac_cv_header_malloc_h=yes
ac_cv_header_memory_h=yes
ac_cv_header_stdbool_h=no
ac_cv_header_stdc=yes
ac_cv_header_stdint_h=yes
ac_cv_header_stdlib_h=yes
ac_cv_header_string_h=yes
ac_cv_header_strings_h=yes
ac_cv_header_sys_stat_h=yes
ac_cv_header_sys_time_h=yes
ac_cv_header_sys_types_h=yes
ac_cv_header_sys_wait_h=yes
ac_cv_header_time=yes
ac_cv_header_unistd_h=yes
ac_cv_header_utime_h=yes
ac_cv_header_vfork_h=no
ac_cv_host=x86_64-unknown-linux-gnu
ac_cv_lib_dl_dlopen=yes
ac_cv_lib_dld_shl_load=no
ac_cv_objext=o
ac_cv_path_EGREP='/bin/grep -E'
ac_cv_path_FGREP='/bin/grep -F'
ac_cv_path_GREP=/bin/grep
ac_cv_path_SED=/bin/sed
ac_cv_path_gcc_path=/usr/bin/gcc
ac_cv_path_install='/usr/bin/install -c'
ac_cv_path_mkdir=/bin/mkdir
ac_cv_prog_AWK=gawk
ac_cv_prog_CPP='gcc -E'
ac_cv_prog_CXXCPP='g++ -E'
ac_cv_prog_ac_ct_AR=ar
ac_cv_prog_ac_ct_CC=gcc
ac_cv_prog_ac_ct_CXX=g++
ac_cv_prog_ac_ct_MANIFEST_TOOL=mt
ac_cv_prog_ac_ct_OBJDUMP=objdump
ac_cv_prog_ac_ct_RANLIB=ranlib
ac_cv_prog_ac_ct_STRIP=strip
ac_cv_prog_cc_c89=
ac_cv_prog_cc_g=yes
ac_cv_prog_cxx_g=yes
ac_cv_prog_make_make_set=yes
ac_cv_type__Bool=no
ac_cv_type_pid_t=yes
ac_cv_type_size_t=yes
am_cv_CC_dependencies_compiler_type=gcc3
am_cv_CXX_dependencies_compiler_type=gcc3
ax_cv_check_cxxflags___march_core2=yes
ax_cv_gcc_archflag=-march=core2
ax_cv_gcc_x86_cpuid_0=16:756e6547:6c65746e:49656e69
ax_cv_gcc_x86_cpuid_1=806e9:100800:7ffafbbf:bfebfbff
lt_cv_ar_at_file=@
lt_cv_archive_cmds_need_lc=no
lt_cv_deplibs_check_method=pass_all
lt_cv_dlopen=dlopen
lt_cv_dlopen_libs=-ldl
lt_cv_dlopen_self=yes
lt_cv_dlopen_self_static=no
lt_cv_file_magic_cmd='$MAGIC_CMD'
lt_cv_file_magic_test_file=
lt_cv_ld_reload_flag=-r
lt_cv_nm_interface='BSD nm'
lt_cv_objdir=.libs
lt_cv_path_LD=/usr/bin/ld
lt_cv_path_LDCXX='/usr/bin/ld -m elf_x86_64'
lt_cv_path_NM='/usr/bin/nm -B'
lt_cv_path_mainfest_tool=no
lt_cv_prog_compiler_c_o=yes
lt_cv_prog_compiler_c_o_CXX=yes
lt_cv_prog_compiler_pic='-fPIC -DPIC'
lt_cv_prog_compiler_pic_CXX='-fPIC -DPIC'
lt_cv_prog_compiler_pic_works=yes
lt_cv_prog_compiler_pic_works_CXX=yes
lt_cv_prog_compiler_rtti_exceptions=no
lt_cv_prog_compiler_static_works=yes
lt_cv_prog_compiler_static_works_CXX=yes
lt_cv_prog_gnu_ld=yes
lt_cv_prog_gnu_ldcxx=yes
lt_cv_sharedlib_from_linklib_cmd='printf %s\n'
lt_cv_shlibpath_overrides_runpath=yes
lt_cv_sys_global_symbol_pipe='sed -n -e '\''s/^.*[	 ]\([ABCDGIRSTW][ABCDGIRSTW]*\)[	 ][	 ]*\([_A-Za-z][_A-Za-z0-9]*\)$/\1 \2 \2/p'\'' | sed '\''/ __gnu_lto/d'\'''
lt_cv_sys_global_symbol_to_c_name_address='sed -n -e '\''s/^: \([^ ]*\)[ ]*$/  {\"\1\", (void *) 0},/p'\'' -e '\''s/^[ABCDGIRSTW]* \([^ ]*\) \([^ ]*\)$/  {"\2", (void *) \&\2},/p'\'''
lt_cv_sys_global_symbol_to_c_name_address_lib_prefix='sed -n -e '\''s/^: \([^ ]*\)[ ]*$/  {\"\1\", (void *) 0},/p'\'' -e '\''s/^[ABCDGIRSTW]* \([^ ]*\) \(lib[^ ]*\)$/  {"\2", (void *) \&\2},/p'\'' -e '\''s/^[ABCDGIRSTW]* \([^ ]*\) \([^ ]*\)$/  {"lib\2", (void *) \&\2},/p'\'''
lt_cv_sys_global_symbol_to_cdecl='sed -n -e '\''s/^T .* \(.*\)$/extern int \1();/p'\'' -e '\''s/^[ABCDGIRSTW]* .* \(.*\)$/extern char \1;/p'\'''
lt_cv_sys_max_cmd_len=1572864
lt_cv_to_host_file_cmd=func_convert_file_noop
lt_cv_to_tool_file_cmd=func_convert_file_noop

## ----------------- ##
## Output variables. ##
## ----------------- ##

ACLOCAL='${SHELL} /home/phjk/taskgraph/taskgraph-20140613/missing --run aclocal-1.11'
AMDEPBACKSLASH='\'
AMDEP_FALSE='#'
AMDEP_TRUE=''
AMTAR='$${TAR-tar}'
AR='ar'
AUTOCONF='${SHELL} /home/phjk/taskgraph/taskgraph-20140613/missing --run autoconf'
AUTOHEADER='${SHELL} /home/phjk/taskgraph/taskgraph-20140613/missing --run autoheader'
AUTOMAKE='${SHELL} /home/phjk/taskgraph/taskgraph-20140613/missing --run automake-1.11'
AWK='gawk'
BOOST_CPPFLAGS='-I/usr/include'
BOOST_LDFLAGS='-L/usr/lib'
CC='gcc'
CCDEPMODE='depmode=gcc3'
CFLAGS='-g -O2'
CPP='gcc -E'
CPPFLAGS=''
CXX='g++'
CXXCPP='g++ -E'
CXXDEPMODE='depmode=gcc3'
CXXFLAGS='-O2 -Wall -pedantic -pipe -march=core2 -I/usr/include'
CYGPATH_W='echo'
DEFS='-DHAVE_CONFIG_H'
DEPDIR='.deps'
DLLTOOL='false'
DSYMUTIL=''
DUMPBIN=''
ECHO_C=''
ECHO_N='-n'
ECHO_T=''
EGREP='/bin/grep -E'
EXEEXT=''
FGREP='/bin/grep -F'
GREP='/bin/grep'
INSTALL_DATA='${INSTALL} -m 644'
INSTALL_PROGRAM='${INSTALL}'
INSTALL_SCRIPT='${INSTALL}'
INSTALL_STRIP_PROGRAM='$(install_sh) -c -s'
LD='/usr/bin/ld -m elf_x86_64'
LDFLAGS=' -L/usr/lib'
LIBOBJS=''
LIBS=''
LIBTOOL='$(SHELL) $(top_builddir)/libtool'
LIPO=''
LN_S='ln -s'
LTLIBOBJS=''
MAKEINFO='${SHELL} /home/phjk/taskgraph/taskgraph-20140613/missing --run makeinfo'
MANIFEST_TOOL=':'
MKDIR_P='/bin/mkdir -p'
NM='/usr/bin/nm -B'
NMEDIT=''
OBJDUMP='objdump'
OBJEXT='o'
OTOOL64=''
OTOOL=''
PACKAGE='taskgraph'
PACKAGE_BUGREPORT='fpr02@doc.ic.ac.uk'
PACKAGE_NAME='TaskGraph'
PACKAGE_STRING='TaskGraph 20070919'
PACKAGE_TARNAME='taskgraph'
PACKAGE_URL=''
PACKAGE_VERSION='20070919'
PATH_SEPARATOR=':'
PRTDIAG=''
RANLIB='ranlib'
SED='/bin/sed'
SET_MAKE=''
SHELL='/bin/bash'
STRIP='strip'
VERSION='20070919'
ac_ct_AR='ar'
ac_ct_CC='gcc'
ac_ct_CXX='g++'
ac_ct_DUMPBIN=''
am__EXEEXT_FALSE=''
am__EXEEXT_TRUE='#'
am__fastdepCC_FALSE='#'
am__fastdepCC_TRUE=''
am__fastdepCXX_FALSE='#'
am__fastdepCXX_TRUE=''
am__include='include'
am__isrc=''
am__leading_dot='.'
am__nodep='_no'
am__quote=''
am__tar='$${TAR-tar} chof - "$$tardir"'
am__untar='$${TAR-tar} xf -'
bindir='${exec_prefix}/bin'
build='x86_64-unknown-linux-gnu'
build_alias=''
build_cpu='x86_64'
build_os='linux-gnu'
build_vendor='unknown'
cell_support_FALSE=''
cell_support_TRUE='#'
datadir='${datarootdir}'
datarootdir='${prefix}/share'
docdir='${datarootdir}/doc/${PACKAGE_TARNAME}'
dvidir='${docdir}'
exec_prefix='${prefix}'
gcc_path='/usr/bin/gcc'
host='x86_64-unknown-linux-gnu'
host_alias=''
host_cpu='x86_64'
host_os='linux-gnu'
host_vendor='unknown'
htmldir='${docdir}'
icc_path=''
includedir='${prefix}/include'
infodir='${datarootdir}/info'
install_sh='${SHELL} /home/phjk/taskgraph/taskgraph-20140613/install-sh'
libdir='${exec_prefix}/lib'
libexecdir='${exec_prefix}/libexec'
localedir='${datarootdir}/locale'
localstatedir='${prefix}/var'
mandir='${datarootdir}/man'
mkdir_p='/bin/mkdir -p'
oldincludedir='/usr/include'
pdfdir='${docdir}'
ppuxlc_path=''
prefix='/usr/local'
program_transform_name='s,x,x,'
psdir='${docdir}'
sbindir='${exec_prefix}/sbin'
sharedstatedir='${prefix}/com'
spugcc_path=''
spuxlc_path=''
sysconfdir='${prefix}/etc'
target_alias=''
using_rose_FALSE=''
using_rose_TRUE='#'
using_suif1_FALSE='#'
using_suif1_TRUE=''

## ----------- ##
## confdefs.h. ##
## ----------- ##

/* confdefs.h */
#define PACKAGE_NAME "TaskGraph"
#define PACKAGE_TARNAME "taskgraph"
#define PACKAGE_VERSION "20070919"
#define PACKAGE_STRING "TaskGraph 20070919"
#define PACKAGE_BUGREPORT "fpr02@doc.ic.ac.uk"
#define PACKAGE_URL ""
#define PACKAGE "taskgraph"
#define VERSION "20070919"
#define STDC_HEADERS 1
#define HAVE_SYS_TYPES_H 1
#define HAVE_SYS_STAT_H 1
#define HAVE_STDLIB_H 1
#define HAVE_STRING_H 1
#define HAVE_MEMORY_H 1
#define HAVE_STRINGS_H 1
#define HAVE_INTTYPES_H 1
#define HAVE_STDINT_H 1
#define HAVE_UNISTD_H 1
#define HAVE_DLFCN_H 1
#define LT_OBJDIR ".libs/"
#define STDC_HEADERS 1
#define HAVE_SYS_WAIT_H 1
#define HAVE_FLOAT_H 1
#define HAVE_MALLOC_H 1
#define HAVE_STDLIB_H 1
#define HAVE_STRING_H 1
#define HAVE_SYS_TIME_H 1
#define HAVE_UNISTD_H 1
#define TIME_WITH_SYS_TIME 1
#define HAVE_FORK 1
#define HAVE_VFORK 1
#define HAVE_WORKING_VFORK 1
#define HAVE_WORKING_FORK 1
#define HAVE_STDLIB_H 1
#define HAVE_MALLOC 1
#define HAVE_UTIME_H 1
#define HAVE_UTIME_NULL 1
#define HAVE_FLOOR 1
#define HAVE_GETTIMEOFDAY 1
#define HAVE_POW 1
#define HAVE_SQRT 1
#define HAVE_UTIME 1
#define GCC_PATH "/usr/bin/gcc"
#define ICC_PATH ""
#define SPUGCC_PATH ""
#define PPUXLC_PATH ""
#define SPUXLC_PATH ""
#define HAVE_BOOST /**/
#define EXTRA_ICC_COMPILE_ARGS  "-fPIC", 
#define EXTRA_GCC_COMPILE_ARGS  "-march=core2",  "-fPIC", 
#define USE_SUIF1_IR 1

configure: exit 0
